<?xml version="1.0" encoding="UTF-8"?>
<!-- Generated by org.testng.reporters.JUnitReportReporter -->
<testsuite hostname="ECCINHYD04068" failures="0" tests="1" name="loginTestcases.TC0027_Enterprise_E2Eprocess" time="114.212" errors="0" timestamp="2023-10-18T11:48:19 IST" skipped="0">
  <testcase classname="loginTestcases.TC0027_Enterprise_E2Eprocess" name="enterprise" time="114.212"/>
  <system-out/>
</testsuite> <!-- loginTestcases.TC0027_Enterprise_E2Eprocess -->
